<?xml version="1.0" encoding="UTF-8"?>
<coverage generated="1601904803901" clover="3.2.0">
  <project timestamp="1601904803901" name="All files">
    <metrics statements="15" coveredstatements="5" conditionals="0" coveredconditionals="0" methods="4" coveredmethods="2" elements="19" coveredelements="7" complexity="0" loc="15" ncloc="15" packages="1" files="2" classes="2"/>
    <file name="houseList.js" path="/home/alexis/projects/portfolio/airbnb_clone/src/houseList.js">
      <metrics statements="7" coveredstatements="4" conditionals="0" coveredconditionals="0" methods="2" coveredmethods="2"/>
      <line num="3" count="1" type="stmt"/>
      <line num="4" count="1" type="stmt"/>
      <line num="8" count="1" type="stmt"/>
      <line num="9" count="0" type="stmt"/>
      <line num="10" count="0" type="stmt"/>
      <line num="11" count="0" type="stmt"/>
      <line num="14" count="1" type="stmt"/>
    </file>
    <file name="houseOffer.js" path="/home/alexis/projects/portfolio/airbnb_clone/src/houseOffer.js">
      <metrics statements="8" coveredstatements="1" conditionals="0" coveredconditionals="0" methods="2" coveredmethods="0"/>
      <line num="3" count="0" type="stmt"/>
      <line num="4" count="0" type="stmt"/>
      <line num="5" count="0" type="stmt"/>
      <line num="6" count="0" type="stmt"/>
      <line num="7" count="0" type="stmt"/>
      <line num="8" count="0" type="stmt"/>
      <line num="12" count="0" type="stmt"/>
      <line num="15" count="1" type="stmt"/>
    </file>
  </project>
</coverage>
